  Muddy_Fields.cpp
c:\users\armen\desktop\kursayin\muddy_fields\muddy_fields.cpp(36): warning C4018: '<': signed/unsigned mismatch
c:\users\armen\desktop\kursayin\muddy_fields\muddy_fields.cpp(23): warning C4101: 'k': unreferenced local variable
c:\users\armen\desktop\kursayin\muddy_fields\muddy_fields.cpp(23): warning C4101: 'j': unreferenced local variable
c:\users\armen\desktop\kursayin\muddy_fields\muddy_fields.cpp(51): warning C4101: 'z': unreferenced local variable
c:\users\armen\desktop\kursayin\muddy_fields\muddy_fields.cpp(51): warning C4101: 'v': unreferenced local variable
c:\users\armen\desktop\kursayin\muddy_fields\muddy_fields.cpp(51): warning C4101: 'l': unreferenced local variable
c:\users\armen\desktop\kursayin\muddy_fields\muddy_fields.cpp(51): warning C4101: 'j': unreferenced local variable
c:\users\armen\desktop\kursayin\muddy_fields\muddy_fields.cpp(51): warning C4101: 'i': unreferenced local variable
c:\users\armen\desktop\kursayin\muddy_fields\muddy_fields.cpp(51): warning C4101: 'w': unreferenced local variable
c:\users\armen\desktop\kursayin\muddy_fields\muddy_fields.cpp(51): warning C4101: 'u': unreferenced local variable
c:\users\armen\desktop\kursayin\muddy_fields\muddy_fields.cpp(70): warning C4996: 'scanf': This function or variable may be unsafe. Consider using scanf_s instead. To disable deprecation, use _CRT_SECURE_NO_WARNINGS. See online help for details.
  c:\program files (x86)\windows kits\10\include\10.0.15063.0\ucrt\stdio.h(1272): note: see declaration of 'scanf'
c:\users\armen\desktop\kursayin\muddy_fields\muddy_fields.cpp(77): warning C4996: 'scanf': This function or variable may be unsafe. Consider using scanf_s instead. To disable deprecation, use _CRT_SECURE_NO_WARNINGS. See online help for details.
  c:\program files (x86)\windows kits\10\include\10.0.15063.0\ucrt\stdio.h(1272): note: see declaration of 'scanf'
c:\users\armen\desktop\kursayin\muddy_fields\muddy_fields.cpp(79): warning C4996: 'scanf': This function or variable may be unsafe. Consider using scanf_s instead. To disable deprecation, use _CRT_SECURE_NO_WARNINGS. See online help for details.
  c:\program files (x86)\windows kits\10\include\10.0.15063.0\ucrt\stdio.h(1272): note: see declaration of 'scanf'
c:\users\armen\desktop\kursayin\muddy_fields\muddy_fields.cpp(69): warning C4101: 'z': unreferenced local variable
c:\users\armen\desktop\kursayin\muddy_fields\muddy_fields.cpp(69): warning C4101: 'k': unreferenced local variable
c:\users\armen\desktop\kursayin\muddy_fields\muddy_fields.cpp(69): warning C4101: 'y': unreferenced local variable
c:\users\armen\desktop\kursayin\muddy_fields\muddy_fields.cpp(69): warning C4101: 'x': unreferenced local variable
c:\users\armen\desktop\kursayin\muddy_fields\muddy_fields.cpp(69): warning C4101: 'l': unreferenced local variable
c:\users\armen\desktop\kursayin\muddy_fields\muddy_fields.cpp(69): warning C4101: 'w': unreferenced local variable
c:\users\armen\desktop\kursayin\muddy_fields\muddy_fields.cpp(69): warning C4101: 'u': unreferenced local variable
  Muddy_Fields.vcxproj -> C:\Users\armen\Desktop\kursayin\Muddy_Fields\Debug\Muddy_Fields.exe
  Muddy_Fields.vcxproj -> C:\Users\armen\Desktop\kursayin\Muddy_Fields\Debug\Muddy_Fields.pdb (Partial PDB)
